<?xml version="1.0" encoding="UTF-8"?>
<testng-results ignored="0" total="1" passed="1" failed="0" skipped="0">
  <reporter-output>
  </reporter-output>
  <suite started-at="2019-07-24T00:09:00Z" name="Default suite" finished-at="2019-07-24T00:09:03Z" duration-ms="3049">
    <groups>
    </groups>
    <test started-at="2019-07-24T00:09:00Z" name="Default test" finished-at="2019-07-24T00:09:03Z" duration-ms="3049">
      <class name="com.qa.essentProject.TC001_GET_AllEmployeesData">
        <test-method signature="getEmployeeDetails()[pri:0, instance:com.qa.essentProject.TC001_GET_AllEmployeesData@5c1a8622]" started-at="2019-07-24T00:09:00Z" name="getEmployeeDetails" finished-at="2019-07-24T00:09:03Z" duration-ms="3020" status="PASS">
          <reporter-output>
          </reporter-output>
        </test-method> <!-- getEmployeeDetails -->
      </class> <!-- com.qa.essentProject.TC001_GET_AllEmployeesData -->
    </test> <!-- Default test -->
  </suite> <!-- Default suite -->
</testng-results>
